SF:lib/src/v2/value_rx.dart
DA:6,1
DA:30,1
DA:31,2
DA:36,0
DA:37,0
DA:42,1
DA:48,0
DA:52,2
DA:53,3
DA:56,1
DA:57,1
DA:58,1
DA:59,0
DA:60,0
DA:62,1
DA:66,1
DA:67,2
DA:70,1
DA:71,1
DA:72,1
DA:73,0
DA:78,0
DA:81,0
DA:85,1
DA:86,2
DA:87,1
DA:93,1
DA:96,2
DA:99,2
DA:100,1
DA:101,1
DA:102,0
DA:103,0
DA:109,1
DA:110,3
DA:115,1
DA:116,0
DA:118,1
DA:120,1
DA:126,1
DA:128,2
DA:131,0
DA:132,0
DA:133,0
DA:134,0
DA:136,0
DA:140,0
DA:141,0
DA:142,0
DA:143,0
DA:146,0
DA:147,0
DA:150,0
DA:160,0
DA:161,0
DA:162,0
DA:166,0
DA:167,0
DA:168,0
DA:169,0
DA:171,0
DA:172,0
DA:173,0
DA:177,1
DA:178,2
LF:65
LH:32
end_of_record
SF:lib/src/v2/reactive_x.dart
DA:4,1
LF:1
LH:1
end_of_record
